mode: set
coolgiserz.com/learngo/container/longestNonRepeatedString/map_example.go:5.45,7.17 1 1
coolgiserz.com/learngo/container/longestNonRepeatedString/map_example.go:10.2,14.33 4 1
coolgiserz.com/learngo/container/longestNonRepeatedString/map_example.go:26.2,26.18 1 1
coolgiserz.com/learngo/container/longestNonRepeatedString/map_example.go:7.17,9.3 1 1
coolgiserz.com/learngo/container/longestNonRepeatedString/map_example.go:14.33,16.33 2 1
coolgiserz.com/learngo/container/longestNonRepeatedString/map_example.go:24.3,24.23 1 1
coolgiserz.com/learngo/container/longestNonRepeatedString/map_example.go:16.33,18.4 1 1
coolgiserz.com/learngo/container/longestNonRepeatedString/map_example.go:18.9,20.29 1 1
coolgiserz.com/learngo/container/longestNonRepeatedString/map_example.go:20.29,22.5 1 1
coolgiserz.com/learngo/container/longestNonRepeatedString/map_example.go:28.46,30.17 1 1
coolgiserz.com/learngo/container/longestNonRepeatedString/map_example.go:33.2,37.31 4 1
coolgiserz.com/learngo/container/longestNonRepeatedString/map_example.go:49.2,49.18 1 1
coolgiserz.com/learngo/container/longestNonRepeatedString/map_example.go:30.17,32.3 1 1
coolgiserz.com/learngo/container/longestNonRepeatedString/map_example.go:37.31,39.33 2 1
coolgiserz.com/learngo/container/longestNonRepeatedString/map_example.go:47.3,47.23 1 1
coolgiserz.com/learngo/container/longestNonRepeatedString/map_example.go:39.33,41.4 1 1
coolgiserz.com/learngo/container/longestNonRepeatedString/map_example.go:41.9,43.29 1 1
coolgiserz.com/learngo/container/longestNonRepeatedString/map_example.go:43.29,45.5 1 1
coolgiserz.com/learngo/container/longestNonRepeatedString/map_example.go:52.13,62.2 7 0
